mode: set
github.com/platinummonkey/spoke/pkg/middleware/auth.go:26.88,31.2 1 1
github.com/platinummonkey/spoke/pkg/middleware/auth.go:34.66,35.71 1 1
github.com/platinummonkey/spoke/pkg/middleware/auth.go:35.71,39.23 2 1
github.com/platinummonkey/spoke/pkg/middleware/auth.go:39.23,40.18 1 1
github.com/platinummonkey/spoke/pkg/middleware/auth.go:40.18,44.5 2 1
github.com/platinummonkey/spoke/pkg/middleware/auth.go:45.4,46.10 2 1
github.com/platinummonkey/spoke/pkg/middleware/auth.go:50.3,51.46 2 1
github.com/platinummonkey/spoke/pkg/middleware/auth.go:51.46,54.4 2 1
github.com/platinummonkey/spoke/pkg/middleware/auth.go:56.3,60.17 3 1
github.com/platinummonkey/spoke/pkg/middleware/auth.go:60.17,63.4 2 1
github.com/platinummonkey/spoke/pkg/middleware/auth.go:66.3,73.40 3 0
github.com/platinummonkey/spoke/pkg/middleware/auth.go:77.86,81.2 3 1
github.com/platinummonkey/spoke/pkg/middleware/auth.go:84.56,86.16 2 1
github.com/platinummonkey/spoke/pkg/middleware/auth.go:86.16,88.3 1 1
github.com/platinummonkey/spoke/pkg/middleware/auth.go:89.2,90.9 2 1
github.com/platinummonkey/spoke/pkg/middleware/auth.go:90.9,92.3 1 1
github.com/platinummonkey/spoke/pkg/middleware/auth.go:93.2,93.16 1 1
github.com/platinummonkey/spoke/pkg/middleware/auth.go:97.69,98.46 1 0
github.com/platinummonkey/spoke/pkg/middleware/auth.go:98.46,99.72 1 0
github.com/platinummonkey/spoke/pkg/middleware/auth.go:99.72,101.22 2 0
github.com/platinummonkey/spoke/pkg/middleware/auth.go:101.22,104.5 2 0
github.com/platinummonkey/spoke/pkg/middleware/auth.go:106.4,106.32 1 0
github.com/platinummonkey/spoke/pkg/middleware/auth.go:106.32,109.5 2 0
github.com/platinummonkey/spoke/pkg/middleware/auth.go:111.4,111.24 1 0
github.com/platinummonkey/spoke/pkg/middleware/auth.go:117.66,118.46 1 0
github.com/platinummonkey/spoke/pkg/middleware/auth.go:118.46,119.72 1 0
github.com/platinummonkey/spoke/pkg/middleware/auth.go:119.72,121.22 2 0
github.com/platinummonkey/spoke/pkg/middleware/auth.go:121.22,124.5 2 0
github.com/platinummonkey/spoke/pkg/middleware/auth.go:126.4,126.30 1 0
github.com/platinummonkey/spoke/pkg/middleware/auth.go:126.30,129.5 2 0
github.com/platinummonkey/spoke/pkg/middleware/auth.go:131.4,131.24 1 0
github.com/platinummonkey/spoke/pkg/middleware/auth.go:137.106,138.46 1 0
github.com/platinummonkey/spoke/pkg/middleware/auth.go:138.46,139.72 1 0
github.com/platinummonkey/spoke/pkg/middleware/auth.go:139.72,141.22 2 0
github.com/platinummonkey/spoke/pkg/middleware/auth.go:141.22,144.5 2 0
github.com/platinummonkey/spoke/pkg/middleware/auth.go:148.4,151.46 3 0
github.com/platinummonkey/spoke/pkg/middleware/auth.go:151.46,154.5 2 0
github.com/platinummonkey/spoke/pkg/middleware/auth.go:156.4,156.24 1 0
github.com/platinummonkey/spoke/pkg/middleware/auth.go:161.63,165.2 3 0
github.com/platinummonkey/spoke/pkg/middleware/distributed_ratelimit.go:21.123,22.19 1 0
github.com/platinummonkey/spoke/pkg/middleware/distributed_ratelimit.go:22.19,24.3 1 0
github.com/platinummonkey/spoke/pkg/middleware/distributed_ratelimit.go:25.2,25.18 1 0
github.com/platinummonkey/spoke/pkg/middleware/distributed_ratelimit.go:25.18,27.3 1 0
github.com/platinummonkey/spoke/pkg/middleware/distributed_ratelimit.go:29.2,33.3 1 0
github.com/platinummonkey/spoke/pkg/middleware/distributed_ratelimit.go:37.88,51.16 6 0
github.com/platinummonkey/spoke/pkg/middleware/distributed_ratelimit.go:51.16,54.3 1 0
github.com/platinummonkey/spoke/pkg/middleware/distributed_ratelimit.go:57.2,58.57 2 0
github.com/platinummonkey/spoke/pkg/middleware/distributed_ratelimit.go:62.91,66.22 3 0
github.com/platinummonkey/spoke/pkg/middleware/distributed_ratelimit.go:66.22,69.3 1 0
github.com/platinummonkey/spoke/pkg/middleware/distributed_ratelimit.go:69.8,69.23 1 0
github.com/platinummonkey/spoke/pkg/middleware/distributed_ratelimit.go:69.23,71.3 1 0
github.com/platinummonkey/spoke/pkg/middleware/distributed_ratelimit.go:73.2,74.19 2 0
github.com/platinummonkey/spoke/pkg/middleware/distributed_ratelimit.go:74.19,76.3 1 0
github.com/platinummonkey/spoke/pkg/middleware/distributed_ratelimit.go:78.2,78.23 1 0
github.com/platinummonkey/spoke/pkg/middleware/distributed_ratelimit.go:82.95,85.2 2 0
github.com/platinummonkey/spoke/pkg/middleware/distributed_ratelimit.go:88.80,91.2 2 0
github.com/platinummonkey/spoke/pkg/middleware/distributed_ratelimit.go:103.99,111.2 1 0
github.com/platinummonkey/spoke/pkg/middleware/distributed_ratelimit.go:114.82,115.71 1 0
github.com/platinummonkey/spoke/pkg/middleware/distributed_ratelimit.go:115.71,123.44 5 0
github.com/platinummonkey/spoke/pkg/middleware/distributed_ratelimit.go:123.44,126.26 2 0
github.com/platinummonkey/spoke/pkg/middleware/distributed_ratelimit.go:126.26,128.5 1 0
github.com/platinummonkey/spoke/pkg/middleware/distributed_ratelimit.go:128.10,130.5 1 0
github.com/platinummonkey/spoke/pkg/middleware/distributed_ratelimit.go:131.9,135.4 2 0
github.com/platinummonkey/spoke/pkg/middleware/distributed_ratelimit.go:138.3,139.17 2 0
github.com/platinummonkey/spoke/pkg/middleware/distributed_ratelimit.go:139.17,140.25 1 0
github.com/platinummonkey/spoke/pkg/middleware/distributed_ratelimit.go:140.25,146.5 2 0
github.com/platinummonkey/spoke/pkg/middleware/distributed_ratelimit.go:148.4,149.10 2 0
github.com/platinummonkey/spoke/pkg/middleware/distributed_ratelimit.go:152.3,152.15 1 0
github.com/platinummonkey/spoke/pkg/middleware/distributed_ratelimit.go:152.15,155.4 2 0
github.com/platinummonkey/spoke/pkg/middleware/distributed_ratelimit.go:158.3,159.17 2 0
github.com/platinummonkey/spoke/pkg/middleware/distributed_ratelimit.go:159.17,163.4 2 0
github.com/platinummonkey/spoke/pkg/middleware/distributed_ratelimit.go:165.3,170.28 4 0
github.com/platinummonkey/spoke/pkg/middleware/distributed_ratelimit.go:170.28,173.4 2 0
github.com/platinummonkey/spoke/pkg/middleware/distributed_ratelimit.go:175.3,175.23 1 0
github.com/platinummonkey/spoke/pkg/middleware/distributed_ratelimit.go:179.149,183.27 3 0
github.com/platinummonkey/spoke/pkg/middleware/distributed_ratelimit.go:183.27,185.3 1 0
github.com/platinummonkey/spoke/pkg/middleware/distributed_ratelimit.go:187.2,192.13 5 0
github.com/platinummonkey/spoke/pkg/middleware/distributed_ratelimit.go:192.13,195.3 2 0
github.com/platinummonkey/spoke/pkg/middleware/distributed_ratelimit.go:197.2,198.106 2 0
github.com/platinummonkey/spoke/pkg/middleware/distributed_ratelimit.go:202.75,204.2 1 0
github.com/platinummonkey/spoke/pkg/middleware/distributed_ratelimit.go:207.81,209.2 1 0
github.com/platinummonkey/spoke/pkg/middleware/distributed_ratelimit.go:212.98,222.35 3 0
github.com/platinummonkey/spoke/pkg/middleware/distributed_ratelimit.go:222.35,224.17 2 0
github.com/platinummonkey/spoke/pkg/middleware/distributed_ratelimit.go:224.17,226.4 1 0
github.com/platinummonkey/spoke/pkg/middleware/distributed_ratelimit.go:227.3,227.36 1 0
github.com/platinummonkey/spoke/pkg/middleware/distributed_ratelimit.go:230.2,230.19 1 0
github.com/platinummonkey/spoke/pkg/middleware/org.go:21.84,22.46 1 0
github.com/platinummonkey/spoke/pkg/middleware/org.go:22.46,23.72 1 0
github.com/platinummonkey/spoke/pkg/middleware/org.go:23.72,26.42 2 0
github.com/platinummonkey/spoke/pkg/middleware/org.go:26.42,28.19 2 0
github.com/platinummonkey/spoke/pkg/middleware/org.go:28.19,31.6 2 0
github.com/platinummonkey/spoke/pkg/middleware/org.go:33.5,34.19 2 0
github.com/platinummonkey/spoke/pkg/middleware/org.go:34.19,37.6 2 0
github.com/platinummonkey/spoke/pkg/middleware/org.go:40.5,42.11 3 0
github.com/platinummonkey/spoke/pkg/middleware/org.go:46.4,46.43 1 0
github.com/platinummonkey/spoke/pkg/middleware/org.go:46.43,48.19 2 0
github.com/platinummonkey/spoke/pkg/middleware/org.go:48.19,51.6 2 0
github.com/platinummonkey/spoke/pkg/middleware/org.go:54.5,56.11 3 0
github.com/platinummonkey/spoke/pkg/middleware/org.go:60.4,60.24 1 0
github.com/platinummonkey/spoke/pkg/middleware/org.go:66.102,67.46 1 0
github.com/platinummonkey/spoke/pkg/middleware/org.go:67.46,68.72 1 0
github.com/platinummonkey/spoke/pkg/middleware/org.go:68.72,70.34 1 0
github.com/platinummonkey/spoke/pkg/middleware/org.go:70.34,73.5 2 0
github.com/platinummonkey/spoke/pkg/middleware/org.go:76.4,77.11 2 0
github.com/platinummonkey/spoke/pkg/middleware/org.go:77.11,81.5 2 0
github.com/platinummonkey/spoke/pkg/middleware/org.go:83.4,84.21 2 0
github.com/platinummonkey/spoke/pkg/middleware/org.go:85.18,86.46 1 0
github.com/platinummonkey/spoke/pkg/middleware/org.go:87.19,91.59 3 0
github.com/platinummonkey/spoke/pkg/middleware/org.go:92.19,93.50 1 0
github.com/platinummonkey/spoke/pkg/middleware/org.go:94.15,95.47 1 0
github.com/platinummonkey/spoke/pkg/middleware/org.go:98.4,98.18 1 0
github.com/platinummonkey/spoke/pkg/middleware/org.go:98.18,99.34 1 0
github.com/platinummonkey/spoke/pkg/middleware/org.go:99.34,105.6 5 0
github.com/platinummonkey/spoke/pkg/middleware/org.go:106.5,107.11 2 0
github.com/platinummonkey/spoke/pkg/middleware/org.go:110.4,110.24 1 0
github.com/platinummonkey/spoke/pkg/middleware/org.go:116.87,117.46 1 0
github.com/platinummonkey/spoke/pkg/middleware/org.go:117.46,118.72 1 0
github.com/platinummonkey/spoke/pkg/middleware/org.go:118.72,121.10 2 0
github.com/platinummonkey/spoke/pkg/middleware/org.go:121.10,124.5 1 0
github.com/platinummonkey/spoke/pkg/middleware/org.go:126.4,126.24 1 0
github.com/platinummonkey/spoke/pkg/middleware/quota.go:19.67,23.2 1 0
github.com/platinummonkey/spoke/pkg/middleware/quota.go:26.77,27.71 1 0
github.com/platinummonkey/spoke/pkg/middleware/quota.go:27.71,30.17 2 0
github.com/platinummonkey/spoke/pkg/middleware/quota.go:30.17,34.4 2 0
github.com/platinummonkey/spoke/pkg/middleware/quota.go:37.3,37.63 1 0
github.com/platinummonkey/spoke/pkg/middleware/quota.go:37.63,38.33 1 0
github.com/platinummonkey/spoke/pkg/middleware/quota.go:38.33,41.5 2 0
github.com/platinummonkey/spoke/pkg/middleware/quota.go:46.3,48.23 2 0
github.com/platinummonkey/spoke/pkg/middleware/quota.go:53.78,54.71 1 0
github.com/platinummonkey/spoke/pkg/middleware/quota.go:54.71,56.17 2 0
github.com/platinummonkey/spoke/pkg/middleware/quota.go:56.17,59.4 2 0
github.com/platinummonkey/spoke/pkg/middleware/quota.go:61.3,61.62 1 0
github.com/platinummonkey/spoke/pkg/middleware/quota.go:61.62,62.33 1 0
github.com/platinummonkey/spoke/pkg/middleware/quota.go:62.33,66.5 3 0
github.com/platinummonkey/spoke/pkg/middleware/quota.go:67.4,68.10 2 0
github.com/platinummonkey/spoke/pkg/middleware/quota.go:71.3,71.23 1 0
github.com/platinummonkey/spoke/pkg/middleware/quota.go:76.82,77.71 1 0
github.com/platinummonkey/spoke/pkg/middleware/quota.go:77.71,79.17 2 0
github.com/platinummonkey/spoke/pkg/middleware/quota.go:79.17,82.4 2 0
github.com/platinummonkey/spoke/pkg/middleware/quota.go:84.3,84.66 1 0
github.com/platinummonkey/spoke/pkg/middleware/quota.go:84.66,85.33 1 0
github.com/platinummonkey/spoke/pkg/middleware/quota.go:85.33,89.5 3 0
github.com/platinummonkey/spoke/pkg/middleware/quota.go:90.4,91.10 2 0
github.com/platinummonkey/spoke/pkg/middleware/quota.go:94.3,94.23 1 0
github.com/platinummonkey/spoke/pkg/middleware/quota.go:99.80,100.71 1 0
github.com/platinummonkey/spoke/pkg/middleware/quota.go:100.71,102.59 2 0
github.com/platinummonkey/spoke/pkg/middleware/quota.go:102.59,105.4 2 0
github.com/platinummonkey/spoke/pkg/middleware/quota.go:107.3,108.40 2 0
github.com/platinummonkey/spoke/pkg/middleware/quota.go:113.53,115.9 2 0
github.com/platinummonkey/spoke/pkg/middleware/quota.go:115.9,117.3 1 0
github.com/platinummonkey/spoke/pkg/middleware/quota.go:118.2,118.14 1 0
github.com/platinummonkey/spoke/pkg/middleware/quota.go:123.86,124.93 1 0
github.com/platinummonkey/spoke/pkg/middleware/quota.go:124.93,126.3 1 0
github.com/platinummonkey/spoke/pkg/middleware/quota.go:131.87,132.94 1 0
github.com/platinummonkey/spoke/pkg/middleware/quota.go:132.94,134.3 1 0
github.com/platinummonkey/spoke/pkg/middleware/quota.go:139.100,140.94 1 0
github.com/platinummonkey/spoke/pkg/middleware/quota.go:140.94,142.3 1 0
github.com/platinummonkey/spoke/pkg/middleware/quota.go:147.90,148.98 1 0
github.com/platinummonkey/spoke/pkg/middleware/quota.go:148.98,150.3 1 0
github.com/platinummonkey/spoke/pkg/middleware/ratelimit.go:23.48,29.2 1 1
github.com/platinummonkey/spoke/pkg/middleware/ratelimit.go:32.48,38.2 1 1
github.com/platinummonkey/spoke/pkg/middleware/ratelimit.go:41.47,47.2 1 1
github.com/platinummonkey/spoke/pkg/middleware/ratelimit.go:65.59,66.19 1 1
github.com/platinummonkey/spoke/pkg/middleware/ratelimit.go:66.19,68.3 1 0
github.com/platinummonkey/spoke/pkg/middleware/ratelimit.go:70.2,73.3 1 1
github.com/platinummonkey/spoke/pkg/middleware/ratelimit.go:77.47,80.13 3 1
github.com/platinummonkey/spoke/pkg/middleware/ratelimit.go:80.13,86.3 2 1
github.com/platinummonkey/spoke/pkg/middleware/ratelimit.go:87.2,97.21 7 1
github.com/platinummonkey/spoke/pkg/middleware/ratelimit.go:97.21,100.27 3 0
github.com/platinummonkey/spoke/pkg/middleware/ratelimit.go:100.27,102.4 1 0
github.com/platinummonkey/spoke/pkg/middleware/ratelimit.go:103.3,103.21 1 0
github.com/platinummonkey/spoke/pkg/middleware/ratelimit.go:107.2,107.18 1 1
github.com/platinummonkey/spoke/pkg/middleware/ratelimit.go:107.18,110.3 2 1
github.com/platinummonkey/spoke/pkg/middleware/ratelimit.go:112.2,112.14 1 1
github.com/platinummonkey/spoke/pkg/middleware/ratelimit.go:116.50,121.13 4 1
github.com/platinummonkey/spoke/pkg/middleware/ratelimit.go:121.13,123.3 1 0
github.com/platinummonkey/spoke/pkg/middleware/ratelimit.go:125.2,128.17 3 1
github.com/platinummonkey/spoke/pkg/middleware/ratelimit.go:132.34,137.33 4 0
github.com/platinummonkey/spoke/pkg/middleware/ratelimit.go:137.33,139.57 2 0
github.com/platinummonkey/spoke/pkg/middleware/ratelimit.go:139.57,141.4 1 0
github.com/platinummonkey/spoke/pkg/middleware/ratelimit.go:142.3,142.16 1 0
github.com/platinummonkey/spoke/pkg/middleware/ratelimit.go:147.58,149.12 2 0
github.com/platinummonkey/spoke/pkg/middleware/ratelimit.go:149.12,153.16 2 0
github.com/platinummonkey/spoke/pkg/middleware/ratelimit.go:153.16,154.32 1 0
github.com/platinummonkey/spoke/pkg/middleware/ratelimit.go:154.32,156.5 1 0
github.com/platinummonkey/spoke/pkg/middleware/ratelimit.go:159.3,159.7 1 0
github.com/platinummonkey/spoke/pkg/middleware/ratelimit.go:159.7,160.11 1 0
github.com/platinummonkey/spoke/pkg/middleware/ratelimit.go:161.20,162.17 1 0
github.com/platinummonkey/spoke/pkg/middleware/ratelimit.go:163.22,164.11 1 0
github.com/platinummonkey/spoke/pkg/middleware/ratelimit.go:178.52,184.2 1 1
github.com/platinummonkey/spoke/pkg/middleware/ratelimit.go:187.71,188.71 1 1
github.com/platinummonkey/spoke/pkg/middleware/ratelimit.go:188.71,194.44 4 1
github.com/platinummonkey/spoke/pkg/middleware/ratelimit.go:194.44,197.26 2 1
github.com/platinummonkey/spoke/pkg/middleware/ratelimit.go:197.26,199.5 1 0
github.com/platinummonkey/spoke/pkg/middleware/ratelimit.go:199.10,201.5 1 1
github.com/platinummonkey/spoke/pkg/middleware/ratelimit.go:202.9,206.4 2 0
github.com/platinummonkey/spoke/pkg/middleware/ratelimit.go:209.3,209.26 1 1
github.com/platinummonkey/spoke/pkg/middleware/ratelimit.go:209.26,212.4 2 1
github.com/platinummonkey/spoke/pkg/middleware/ratelimit.go:215.3,220.23 5 1
github.com/platinummonkey/spoke/pkg/middleware/ratelimit.go:224.106,233.2 8 1
github.com/platinummonkey/spoke/pkg/middleware/ratelimit.go:235.42,238.21 2 0
github.com/platinummonkey/spoke/pkg/middleware/ratelimit.go:238.21,240.3 1 0
github.com/platinummonkey/spoke/pkg/middleware/ratelimit.go:243.2,244.18 2 0
github.com/platinummonkey/spoke/pkg/middleware/ratelimit.go:244.18,246.3 1 0
github.com/platinummonkey/spoke/pkg/middleware/ratelimit.go:249.2,249.21 1 0
