mode: count
/Users/cody.lee/gtp/spoke/mayor/rig/pkg/docs/generator.go:90.32,92.2 1 0
/Users/cody.lee/gtp/spoke/mayor/rig/pkg/docs/generator.go:95.78,105.23 2 0
/Users/cody.lee/gtp/spoke/mayor/rig/pkg/docs/generator.go:105.23,107.3 1 0
/Users/cody.lee/gtp/spoke/mayor/rig/pkg/docs/generator.go:110.2,110.24 1 0
/Users/cody.lee/gtp/spoke/mayor/rig/pkg/docs/generator.go:110.24,112.3 1 0
/Users/cody.lee/gtp/spoke/mayor/rig/pkg/docs/generator.go:115.2,115.34 1 0
/Users/cody.lee/gtp/spoke/mayor/rig/pkg/docs/generator.go:115.34,117.3 1 0
/Users/cody.lee/gtp/spoke/mayor/rig/pkg/docs/generator.go:120.2,120.35 1 0
/Users/cody.lee/gtp/spoke/mayor/rig/pkg/docs/generator.go:120.35,123.3 2 0
/Users/cody.lee/gtp/spoke/mayor/rig/pkg/docs/generator.go:126.2,126.33 1 0
/Users/cody.lee/gtp/spoke/mayor/rig/pkg/docs/generator.go:126.33,129.3 2 0
/Users/cody.lee/gtp/spoke/mayor/rig/pkg/docs/generator.go:132.2,132.35 1 0
/Users/cody.lee/gtp/spoke/mayor/rig/pkg/docs/generator.go:132.35,135.3 2 0
/Users/cody.lee/gtp/spoke/mayor/rig/pkg/docs/generator.go:137.2,137.17 1 0
/Users/cody.lee/gtp/spoke/mayor/rig/pkg/docs/generator.go:141.99,153.35 2 0
/Users/cody.lee/gtp/spoke/mayor/rig/pkg/docs/generator.go:153.35,156.3 2 0
/Users/cody.lee/gtp/spoke/mayor/rig/pkg/docs/generator.go:159.2,159.36 1 0
/Users/cody.lee/gtp/spoke/mayor/rig/pkg/docs/generator.go:159.36,162.3 2 0
/Users/cody.lee/gtp/spoke/mayor/rig/pkg/docs/generator.go:165.2,165.33 1 0
/Users/cody.lee/gtp/spoke/mayor/rig/pkg/docs/generator.go:165.33,168.3 2 0
/Users/cody.lee/gtp/spoke/mayor/rig/pkg/docs/generator.go:170.2,170.12 1 0
/Users/cody.lee/gtp/spoke/mayor/rig/pkg/docs/generator.go:174.75,183.20 2 0
/Users/cody.lee/gtp/spoke/mayor/rig/pkg/docs/generator.go:183.20,186.3 2 0
/Users/cody.lee/gtp/spoke/mayor/rig/pkg/docs/generator.go:186.8,186.27 1 0
/Users/cody.lee/gtp/spoke/mayor/rig/pkg/docs/generator.go:186.27,189.3 2 0
/Users/cody.lee/gtp/spoke/mayor/rig/pkg/docs/generator.go:189.8,189.27 1 0
/Users/cody.lee/gtp/spoke/mayor/rig/pkg/docs/generator.go:189.27,192.3 2 0
/Users/cody.lee/gtp/spoke/mayor/rig/pkg/docs/generator.go:194.2,194.12 1 0
/Users/cody.lee/gtp/spoke/mayor/rig/pkg/docs/generator.go:198.91,206.36 2 0
/Users/cody.lee/gtp/spoke/mayor/rig/pkg/docs/generator.go:206.36,213.3 2 0
/Users/cody.lee/gtp/spoke/mayor/rig/pkg/docs/generator.go:215.2,215.12 1 0
/Users/cody.lee/gtp/spoke/mayor/rig/pkg/docs/generator.go:219.79,226.31 2 0
/Users/cody.lee/gtp/spoke/mayor/rig/pkg/docs/generator.go:226.31,241.3 2 0
/Users/cody.lee/gtp/spoke/mayor/rig/pkg/docs/generator.go:243.2,243.12 1 0
/Users/cody.lee/gtp/spoke/mayor/rig/pkg/docs/generator.go:247.63,248.24 1 0
/Users/cody.lee/gtp/spoke/mayor/rig/pkg/docs/generator.go:248.24,250.3 1 0
/Users/cody.lee/gtp/spoke/mayor/rig/pkg/docs/generator.go:252.2,253.35 2 0
/Users/cody.lee/gtp/spoke/mayor/rig/pkg/docs/generator.go:253.35,260.17 6 0
/Users/cody.lee/gtp/spoke/mayor/rig/pkg/docs/generator.go:260.17,262.4 1 0
/Users/cody.lee/gtp/spoke/mayor/rig/pkg/docs/generator.go:265.2,265.34 1 0
/Users/cody.lee/gtp/spoke/mayor/rig/pkg/docs/generator.go:269.42,272.2 1 0
/Users/cody.lee/gtp/spoke/mayor/rig/pkg/docs/generator.go:275.62,276.33 1 0
/Users/cody.lee/gtp/spoke/mayor/rig/pkg/docs/generator.go:276.33,277.47 1 0
/Users/cody.lee/gtp/spoke/mayor/rig/pkg/docs/generator.go:277.47,279.4 1 0
/Users/cody.lee/gtp/spoke/mayor/rig/pkg/docs/generator.go:281.3,281.60 1 0
/Users/cody.lee/gtp/spoke/mayor/rig/pkg/docs/generator.go:281.60,283.4 1 0
/Users/cody.lee/gtp/spoke/mayor/rig/pkg/docs/generator.go:285.2,285.12 1 0
/Users/cody.lee/gtp/spoke/mayor/rig/pkg/docs/generator.go:289.66,290.41 1 0
/Users/cody.lee/gtp/spoke/mayor/rig/pkg/docs/generator.go:290.41,291.53 1 0
/Users/cody.lee/gtp/spoke/mayor/rig/pkg/docs/generator.go:291.53,293.4 1 0
/Users/cody.lee/gtp/spoke/mayor/rig/pkg/docs/generator.go:294.3,294.61 1 0
/Users/cody.lee/gtp/spoke/mayor/rig/pkg/docs/generator.go:294.61,296.4 1 0
/Users/cody.lee/gtp/spoke/mayor/rig/pkg/docs/generator.go:298.2,298.12 1 0
/Users/cody.lee/gtp/spoke/mayor/rig/pkg/docs/generator.go:302.56,303.31 1 0
/Users/cody.lee/gtp/spoke/mayor/rig/pkg/docs/generator.go:303.31,304.49 1 0
/Users/cody.lee/gtp/spoke/mayor/rig/pkg/docs/generator.go:304.49,306.4 1 0
/Users/cody.lee/gtp/spoke/mayor/rig/pkg/docs/generator.go:309.2,309.33 1 0
/Users/cody.lee/gtp/spoke/mayor/rig/pkg/docs/generator.go:309.33,310.53 1 0
/Users/cody.lee/gtp/spoke/mayor/rig/pkg/docs/generator.go:310.53,312.4 1 0
/Users/cody.lee/gtp/spoke/mayor/rig/pkg/docs/generator.go:314.2,314.12 1 0
/Users/cody.lee/gtp/spoke/mayor/rig/pkg/docs/generator.go:318.60,319.33 1 0
/Users/cody.lee/gtp/spoke/mayor/rig/pkg/docs/generator.go:319.33,320.49 1 0
/Users/cody.lee/gtp/spoke/mayor/rig/pkg/docs/generator.go:320.49,322.4 1 0
/Users/cody.lee/gtp/spoke/mayor/rig/pkg/docs/generator.go:324.2,324.41 1 0
/Users/cody.lee/gtp/spoke/mayor/rig/pkg/docs/generator.go:324.41,325.56 1 0
/Users/cody.lee/gtp/spoke/mayor/rig/pkg/docs/generator.go:325.56,327.4 1 0
/Users/cody.lee/gtp/spoke/mayor/rig/pkg/docs/generator.go:329.2,329.12 1 0
/Users/cody.lee/gtp/spoke/mayor/rig/pkg/docs/generator.go:333.62,334.33 1 0
/Users/cody.lee/gtp/spoke/mayor/rig/pkg/docs/generator.go:334.33,335.23 1 0
/Users/cody.lee/gtp/spoke/mayor/rig/pkg/docs/generator.go:335.23,337.4 1 0
/Users/cody.lee/gtp/spoke/mayor/rig/pkg/docs/generator.go:339.2,339.12 1 0
/Users/cody.lee/gtp/spoke/mayor/rig/pkg/docs/markdown.go:12.46,14.2 1 34
/Users/cody.lee/gtp/spoke/mayor/rig/pkg/docs/markdown.go:17.62,24.22 3 35
/Users/cody.lee/gtp/spoke/mayor/rig/pkg/docs/markdown.go:24.22,26.3 1 3
/Users/cody.lee/gtp/spoke/mayor/rig/pkg/docs/markdown.go:28.2,28.27 1 35
/Users/cody.lee/gtp/spoke/mayor/rig/pkg/docs/markdown.go:28.27,30.3 1 2
/Users/cody.lee/gtp/spoke/mayor/rig/pkg/docs/markdown.go:33.2,34.27 2 35
/Users/cody.lee/gtp/spoke/mayor/rig/pkg/docs/markdown.go:34.27,36.3 1 14
/Users/cody.lee/gtp/spoke/mayor/rig/pkg/docs/markdown.go:37.2,37.27 1 35
/Users/cody.lee/gtp/spoke/mayor/rig/pkg/docs/markdown.go:37.27,39.3 1 14
/Users/cody.lee/gtp/spoke/mayor/rig/pkg/docs/markdown.go:40.2,40.24 1 35
/Users/cody.lee/gtp/spoke/mayor/rig/pkg/docs/markdown.go:40.24,42.3 1 6
/Users/cody.lee/gtp/spoke/mayor/rig/pkg/docs/markdown.go:43.2,46.27 2 35
/Users/cody.lee/gtp/spoke/mayor/rig/pkg/docs/markdown.go:46.27,48.36 2 14
/Users/cody.lee/gtp/spoke/mayor/rig/pkg/docs/markdown.go:48.36,50.4 1 14
/Users/cody.lee/gtp/spoke/mayor/rig/pkg/docs/markdown.go:54.2,54.27 1 35
/Users/cody.lee/gtp/spoke/mayor/rig/pkg/docs/markdown.go:54.27,56.36 2 14
/Users/cody.lee/gtp/spoke/mayor/rig/pkg/docs/markdown.go:56.36,58.4 1 14
/Users/cody.lee/gtp/spoke/mayor/rig/pkg/docs/markdown.go:62.2,62.24 1 35
/Users/cody.lee/gtp/spoke/mayor/rig/pkg/docs/markdown.go:62.24,64.34 2 6
/Users/cody.lee/gtp/spoke/mayor/rig/pkg/docs/markdown.go:64.34,66.4 1 6
/Users/cody.lee/gtp/spoke/mayor/rig/pkg/docs/markdown.go:69.2,69.19 1 35
/Users/cody.lee/gtp/spoke/mayor/rig/pkg/docs/markdown.go:73.78,76.27 2 14
/Users/cody.lee/gtp/spoke/mayor/rig/pkg/docs/markdown.go:76.27,78.3 1 1
/Users/cody.lee/gtp/spoke/mayor/rig/pkg/docs/markdown.go:80.2,80.20 1 14
/Users/cody.lee/gtp/spoke/mayor/rig/pkg/docs/markdown.go:80.20,82.3 1 2
/Users/cody.lee/gtp/spoke/mayor/rig/pkg/docs/markdown.go:85.2,85.26 1 14
/Users/cody.lee/gtp/spoke/mayor/rig/pkg/docs/markdown.go:85.26,87.38 2 11
/Users/cody.lee/gtp/spoke/mayor/rig/pkg/docs/markdown.go:87.38,89.4 1 11
/Users/cody.lee/gtp/spoke/mayor/rig/pkg/docs/markdown.go:94.79,97.54 2 11
/Users/cody.lee/gtp/spoke/mayor/rig/pkg/docs/markdown.go:97.54,99.3 1 1
/Users/cody.lee/gtp/spoke/mayor/rig/pkg/docs/markdown.go:99.8,99.35 1 10
/Users/cody.lee/gtp/spoke/mayor/rig/pkg/docs/markdown.go:99.35,101.3 1 1
/Users/cody.lee/gtp/spoke/mayor/rig/pkg/docs/markdown.go:101.8,101.35 1 9
/Users/cody.lee/gtp/spoke/mayor/rig/pkg/docs/markdown.go:101.35,103.3 1 1
/Users/cody.lee/gtp/spoke/mayor/rig/pkg/docs/markdown.go:105.2,107.30 2 11
/Users/cody.lee/gtp/spoke/mayor/rig/pkg/docs/markdown.go:107.30,109.3 1 1
/Users/cody.lee/gtp/spoke/mayor/rig/pkg/docs/markdown.go:111.2,111.23 1 11
/Users/cody.lee/gtp/spoke/mayor/rig/pkg/docs/markdown.go:111.23,113.3 1 2
/Users/cody.lee/gtp/spoke/mayor/rig/pkg/docs/markdown.go:116.2,121.54 4 11
/Users/cody.lee/gtp/spoke/mayor/rig/pkg/docs/markdown.go:121.54,123.3 1 1
/Users/cody.lee/gtp/spoke/mayor/rig/pkg/docs/markdown.go:127.89,132.27 3 17
/Users/cody.lee/gtp/spoke/mayor/rig/pkg/docs/markdown.go:132.27,134.3 1 3
/Users/cody.lee/gtp/spoke/mayor/rig/pkg/docs/markdown.go:136.2,136.20 1 17
/Users/cody.lee/gtp/spoke/mayor/rig/pkg/docs/markdown.go:136.20,138.3 1 2
/Users/cody.lee/gtp/spoke/mayor/rig/pkg/docs/markdown.go:141.2,141.25 1 17
/Users/cody.lee/gtp/spoke/mayor/rig/pkg/docs/markdown.go:141.25,145.36 3 8
/Users/cody.lee/gtp/spoke/mayor/rig/pkg/docs/markdown.go:145.36,147.24 2 11
/Users/cody.lee/gtp/spoke/mayor/rig/pkg/docs/markdown.go:147.24,149.5 1 2
/Users/cody.lee/gtp/spoke/mayor/rig/pkg/docs/markdown.go:150.4,150.29 1 11
/Users/cody.lee/gtp/spoke/mayor/rig/pkg/docs/markdown.go:150.29,152.5 1 2
/Users/cody.lee/gtp/spoke/mayor/rig/pkg/docs/markdown.go:154.4,155.19 2 11
/Users/cody.lee/gtp/spoke/mayor/rig/pkg/docs/markdown.go:155.19,157.5 1 7
/Users/cody.lee/gtp/spoke/mayor/rig/pkg/docs/markdown.go:159.4,160.42 1 11
/Users/cody.lee/gtp/spoke/mayor/rig/pkg/docs/markdown.go:162.3,162.22 1 8
/Users/cody.lee/gtp/spoke/mayor/rig/pkg/docs/markdown.go:166.2,166.33 1 17
/Users/cody.lee/gtp/spoke/mayor/rig/pkg/docs/markdown.go:166.33,168.3 1 1
/Users/cody.lee/gtp/spoke/mayor/rig/pkg/docs/markdown.go:171.2,171.41 1 17
/Users/cody.lee/gtp/spoke/mayor/rig/pkg/docs/markdown.go:171.41,173.3 1 3
/Users/cody.lee/gtp/spoke/mayor/rig/pkg/docs/markdown.go:177.73,180.28 2 7
/Users/cody.lee/gtp/spoke/mayor/rig/pkg/docs/markdown.go:180.28,182.3 1 1
/Users/cody.lee/gtp/spoke/mayor/rig/pkg/docs/markdown.go:184.2,184.21 1 7
/Users/cody.lee/gtp/spoke/mayor/rig/pkg/docs/markdown.go:184.21,186.3 1 2
/Users/cody.lee/gtp/spoke/mayor/rig/pkg/docs/markdown.go:189.2,189.26 1 7
/Users/cody.lee/gtp/spoke/mayor/rig/pkg/docs/markdown.go:189.26,193.37 3 5
/Users/cody.lee/gtp/spoke/mayor/rig/pkg/docs/markdown.go:193.37,195.24 2 6
/Users/cody.lee/gtp/spoke/mayor/rig/pkg/docs/markdown.go:195.24,197.5 1 2
/Users/cody.lee/gtp/spoke/mayor/rig/pkg/docs/markdown.go:199.4,200.37 1 6
/Users/cody.lee/gtp/spoke/mayor/rig/pkg/docs/markdown.go:202.3,202.22 1 5
/Users/cody.lee/gtp/spoke/mayor/rig/pkg/docs/markdown.go:207.89,217.20 5 2
/Users/cody.lee/gtp/spoke/mayor/rig/pkg/docs/markdown.go:217.20,219.3 1 2
/Users/cody.lee/gtp/spoke/mayor/rig/pkg/docs/markdown.go:221.2,221.19 1 2
